2024-11-02 01:52:48,883 - siigo_journal_processor - INFO - Successfully authenticated user: siigonubejuan@gmail.com
2024-11-02 01:52:48,886 - siigo_journal_processor - INFO - User siigonubejuan@gmail.com authenticated successfully
2024-11-02 01:52:48,931 - siigo_journal_processor - INFO - Task scheduler initialized
2024-11-02 01:52:48,933 - siigo_journal_processor - INFO - Task scheduler initialized
2024-11-02 01:52:52,616 - siigo_journal_processor - INFO - Task scheduler initialized
2024-11-02 01:52:52,618 - siigo_journal_processor - INFO - Task scheduler initialized
2024-11-02 01:52:55,750 - siigo_journal_processor - INFO - Task scheduler initialized
2024-11-02 01:52:55,752 - siigo_journal_processor - INFO - Task scheduler initialized
2024-11-02 01:52:58,260 - siigo_journal_processor - INFO - Task scheduler initialized
2024-11-02 01:52:58,262 - siigo_journal_processor - INFO - Task scheduler initialized
2024-11-02 01:53:02,536 - siigo_journal_processor - INFO - Task scheduler initialized
2024-11-02 01:53:02,538 - siigo_journal_processor - INFO - Task scheduler initialized
2024-11-02 01:53:02,693 - siigo_journal_processor - INFO - Successfully read Excel file with 4 rows
2024-11-02 01:53:02,703 - siigo_journal_processor - INFO - Template validation completed successfully
2024-11-02 01:53:04,222 - siigo_journal_processor - INFO - Task scheduler initialized
2024-11-02 01:53:04,225 - siigo_journal_processor - INFO - Task scheduler initialized
2024-11-02 01:53:04,238 - siigo_journal_processor - INFO - Successfully read Excel file with 4 rows
2024-11-02 01:53:04,246 - siigo_journal_processor - INFO - Template validation completed successfully
2024-11-02 01:53:06,160 - siigo_journal_processor - ERROR - api_errors: API error: 400 Client Error: Bad Request for url: https://api.siigo.com/v1/journals
2024-11-02 01:53:06,160 - siigo_journal_processor - DEBUG - Error details: {
  "status_code": 400,
  "error_details": {
    "Status": 400,
    "Errors": [
      {
        "Code": "invalid_reference",
        "Message": "The cost_center doesn't exist: 1",
        "Params": [
          "items[0].cost_center"
        ],
        "Detail": "Check the API documentation: https://developer.siigo.com/introduction/codigos-de-error/invalid_reference"
      }
    ]
  },
  "request_payload": {
    "document": {
      "id": 9803
    },
    "date": "2021-05-16",
    "items": [
      {
        "account": {
          "code": "11050501",
          "movement": "Debit"
        },
        "customer": {
          "identification": "1023005372",
          "branch_office": 0
        },
        "description": "Descripci\u00f3n D\u00e9bito",
        "cost_center": 1,
        "value": 119000.0
      }
    ],
    "observations": "Observaciones"
  }
}
2024-11-02 01:53:06,850 - siigo_journal_processor - ERROR - api_errors: API error: 400 Client Error: Bad Request for url: https://api.siigo.com/v1/journals
2024-11-02 01:53:06,851 - siigo_journal_processor - DEBUG - Error details: {
  "status_code": 400,
  "error_details": {
    "Status": 400,
    "Errors": [
      {
        "Code": "invalid_reference",
        "Message": "The cost_center doesn't exist: 1",
        "Params": [
          "items[0].cost_center"
        ],
        "Detail": "Check the API documentation: https://developer.siigo.com/introduction/codigos-de-error/invalid_reference"
      }
    ]
  },
  "request_payload": {
    "document": {
      "id": 9803
    },
    "date": "2021-05-17",
    "items": [
      {
        "account": {
          "code": "11100501",
          "movement": "Credit"
        },
        "customer": {
          "identification": "1023005372",
          "branch_office": 0
        },
        "description": "Descripci\u00f3n Cr\u00e9dito",
        "cost_center": 1,
        "value": 119000.0
      }
    ],
    "observations": "Observaciones"
  }
}
2024-11-02 01:53:07,623 - siigo_journal_processor - ERROR - api_errors: API error: 400 Client Error: Bad Request for url: https://api.siigo.com/v1/journals
2024-11-02 01:53:07,624 - siigo_journal_processor - DEBUG - Error details: {
  "status_code": 400,
  "error_details": {
    "Status": 400,
    "Errors": [
      {
        "Code": "invalid_reference",
        "Message": "The cost_center doesn't exist: 1",
        "Params": [
          "items[0].cost_center"
        ],
        "Detail": "Check the API documentation: https://developer.siigo.com/introduction/codigos-de-error/invalid_reference"
      }
    ]
  },
  "request_payload": {
    "document": {
      "id": 9803
    },
    "date": "2021-05-18",
    "items": [
      {
        "account": {
          "code": "11050501",
          "movement": "Debit"
        },
        "customer": {
          "identification": "1023005372",
          "branch_office": 0
        },
        "description": "Descripci\u00f3n D\u00e9bito",
        "cost_center": 1,
        "value": 119000.0
      }
    ],
    "observations": "Observaciones"
  }
}
2024-11-02 01:53:08,237 - siigo_journal_processor - ERROR - api_errors: API error: 400 Client Error: Bad Request for url: https://api.siigo.com/v1/journals
2024-11-02 01:53:08,238 - siigo_journal_processor - DEBUG - Error details: {
  "status_code": 400,
  "error_details": {
    "Status": 400,
    "Errors": [
      {
        "Code": "invalid_reference",
        "Message": "The cost_center doesn't exist: 1",
        "Params": [
          "items[0].cost_center"
        ],
        "Detail": "Check the API documentation: https://developer.siigo.com/introduction/codigos-de-error/invalid_reference"
      }
    ]
  },
  "request_payload": {
    "document": {
      "id": 9803
    },
    "date": "2021-05-19",
    "items": [
      {
        "account": {
          "code": "11100501",
          "movement": "Credit"
        },
        "customer": {
          "identification": "1023005372",
          "branch_office": 0
        },
        "description": "Descripci\u00f3n Cr\u00e9dito",
        "cost_center": 1,
        "value": 119000.0
      }
    ],
    "observations": "Observaciones"
  }
}
2024-11-02 01:53:08,245 - siigo_journal_processor - INFO - Processing completed: 0 successful, 4 failed
2024-11-02 02:24:30,571 - siigo_journal_processor - INFO - Successfully authenticated user: siigonubejuan@gmail.com
2024-11-02 02:24:31,310 - siigo_journal_processor - INFO - Successfully fetched cost centers
2024-11-02 02:24:31,943 - siigo_journal_processor - INFO - Successfully fetched document types
2024-11-02 02:24:31,945 - siigo_journal_processor - INFO - Successfully fetched catalog data
2024-11-02 02:24:31,946 - siigo_journal_processor - INFO - User siigonubejuan@gmail.com authenticated successfully
2024-11-02 02:24:32,033 - siigo_journal_processor - INFO - Task scheduler initialized
2024-11-02 02:24:32,035 - siigo_journal_processor - INFO - Task scheduler initialized
2024-11-02 02:25:16,659 - siigo_journal_processor - INFO - Successfully read Excel file with 4 rows
2024-11-02 02:25:16,672 - siigo_journal_processor - INFO - Template validation completed successfully
2024-11-02 02:25:16,679 - siigo_journal_processor - INFO - Task scheduler initialized
2024-11-02 02:25:16,681 - siigo_journal_processor - INFO - Task scheduler initialized
2024-11-02 02:25:20,501 - siigo_journal_processor - INFO - Successfully read Excel file with 4 rows
2024-11-02 02:25:20,510 - siigo_journal_processor - INFO - Template validation completed successfully
2024-11-02 02:25:21,350 - siigo_journal_processor - ERROR - api_errors: API error: 400 Client Error: Bad Request for url: https://api.siigo.com/v1/journals
2024-11-02 02:25:21,350 - siigo_journal_processor - DEBUG - Error details: {
  "status_code": 400,
  "error_details": {
    "Status": 400,
    "Errors": [
      {
        "Code": "invalid_balance",
        "Message": "There is a difference between debit and credit. Total debit: 119000.0, total credit: 0.",
        "Params": [
          "items"
        ],
        "Detail": "Check the API documentation: https://developer.siigo.com/introduction/codigos-de-error/invalid_balance"
      }
    ]
  },
  "request_payload": {
    "document": {
      "id": 9803
    },
    "date": "2021-05-16",
    "items": [
      {
        "account": {
          "code": "11050501",
          "movement": "Debit"
        },
        "customer": {
          "identification": "1023005372",
          "branch_office": 0
        },
        "description": "Descripci\u00f3n D\u00e9bito",
        "cost_center": 154,
        "value": 119000.0
      }
    ],
    "observations": "Observaciones"
  }
}
2024-11-02 02:25:21,995 - siigo_journal_processor - ERROR - api_errors: API error: 400 Client Error: Bad Request for url: https://api.siigo.com/v1/journals
2024-11-02 02:25:21,996 - siigo_journal_processor - DEBUG - Error details: {
  "status_code": 400,
  "error_details": {
    "Status": 400,
    "Errors": [
      {
        "Code": "invalid_balance",
        "Message": "There is a difference between debit and credit. Total debit: 0, total credit: 119000.0.",
        "Params": [
          "items"
        ],
        "Detail": "Check the API documentation: https://developer.siigo.com/introduction/codigos-de-error/invalid_balance"
      }
    ]
  },
  "request_payload": {
    "document": {
      "id": 9803
    },
    "date": "2021-05-17",
    "items": [
      {
        "account": {
          "code": "11100501",
          "movement": "Credit"
        },
        "customer": {
          "identification": "1023005372",
          "branch_office": 0
        },
        "description": "Descripci\u00f3n Cr\u00e9dito",
        "cost_center": 154,
        "value": 119000.0
      }
    ],
    "observations": "Observaciones"
  }
}
2024-11-02 02:25:22,642 - siigo_journal_processor - ERROR - api_errors: API error: 400 Client Error: Bad Request for url: https://api.siigo.com/v1/journals
2024-11-02 02:25:22,643 - siigo_journal_processor - DEBUG - Error details: {
  "status_code": 400,
  "error_details": {
    "Status": 400,
    "Errors": [
      {
        "Code": "invalid_balance",
        "Message": "There is a difference between debit and credit. Total debit: 119000.0, total credit: 0.",
        "Params": [
          "items"
        ],
        "Detail": "Check the API documentation: https://developer.siigo.com/introduction/codigos-de-error/invalid_balance"
      }
    ]
  },
  "request_payload": {
    "document": {
      "id": 9803
    },
    "date": "2021-05-18",
    "items": [
      {
        "account": {
          "code": "11050501",
          "movement": "Debit"
        },
        "customer": {
          "identification": "1023005372",
          "branch_office": 0
        },
        "description": "Descripci\u00f3n D\u00e9bito",
        "cost_center": 154,
        "value": 119000.0
      }
    ],
    "observations": "Observaciones"
  }
}
2024-11-02 02:25:23,386 - siigo_journal_processor - ERROR - api_errors: API error: 400 Client Error: Bad Request for url: https://api.siigo.com/v1/journals
2024-11-02 02:25:23,387 - siigo_journal_processor - DEBUG - Error details: {
  "status_code": 400,
  "error_details": {
    "Status": 400,
    "Errors": [
      {
        "Code": "invalid_balance",
        "Message": "There is a difference between debit and credit. Total debit: 0, total credit: 119000.0.",
        "Params": [
          "items"
        ],
        "Detail": "Check the API documentation: https://developer.siigo.com/introduction/codigos-de-error/invalid_balance"
      }
    ]
  },
  "request_payload": {
    "document": {
      "id": 9803
    },
    "date": "2021-05-19",
    "items": [
      {
        "account": {
          "code": "11100501",
          "movement": "Credit"
        },
        "customer": {
          "identification": "1023005372",
          "branch_office": 0
        },
        "description": "Descripci\u00f3n Cr\u00e9dito",
        "cost_center": 154,
        "value": 119000.0
      }
    ],
    "observations": "Observaciones"
  }
}
2024-11-02 02:25:23,392 - siigo_journal_processor - INFO - Processing completed: 0 successful, 4 failed
2024-11-02 02:25:23,397 - siigo_journal_processor - INFO - Task scheduler initialized
2024-11-02 02:25:23,472 - siigo_journal_processor - INFO - Task scheduler initialized
2024-11-02 02:27:22,564 - siigo_journal_processor - INFO - Successfully authenticated user: siigonubejuan@gmail.com
2024-11-02 02:27:23,269 - siigo_journal_processor - INFO - Successfully fetched cost centers
2024-11-02 02:27:23,886 - siigo_journal_processor - INFO - Successfully fetched document types
2024-11-02 02:27:23,888 - siigo_journal_processor - INFO - Successfully fetched catalog data
2024-11-02 02:27:23,889 - siigo_journal_processor - INFO - User siigonubejuan@gmail.com authenticated successfully
2024-11-02 02:27:23,990 - siigo_journal_processor - INFO - Task scheduler initialized
2024-11-02 02:27:23,994 - siigo_journal_processor - INFO - Task scheduler initialized
2024-11-02 02:27:33,783 - siigo_journal_processor - INFO - Successfully read Excel file with 4 rows
2024-11-02 02:27:33,791 - siigo_journal_processor - INFO - Template validation completed successfully
2024-11-02 02:27:33,800 - siigo_journal_processor - INFO - Task scheduler initialized
2024-11-02 02:27:33,802 - siigo_journal_processor - INFO - Task scheduler initialized
2024-11-02 02:27:35,416 - siigo_journal_processor - INFO - Successfully read Excel file with 4 rows
2024-11-02 02:27:35,431 - siigo_journal_processor - INFO - Template validation completed successfully
2024-11-02 02:27:38,034 - siigo_journal_processor - INFO - Successfully created journal entry for date 2021-05-16
2024-11-02 02:27:38,036 - siigo_journal_processor - INFO - Successfully processed entries for date 2021-05-16
2024-11-02 02:27:38,040 - siigo_journal_processor - INFO - Processing completed: 1 successful, 0 failed
2024-11-02 02:27:38,045 - siigo_journal_processor - INFO - Task scheduler initialized
2024-11-02 02:27:38,053 - siigo_journal_processor - INFO - Task scheduler initialized
2024-11-02 02:28:14,894 - siigo_journal_processor - INFO - Successfully read Excel file with 4 rows
2024-11-02 02:28:14,906 - siigo_journal_processor - INFO - Template validation completed successfully
2024-11-02 02:28:14,922 - siigo_journal_processor - INFO - Task scheduler initialized
2024-11-02 02:28:14,929 - siigo_journal_processor - INFO - Task scheduled successfully for 2024-11-03 00:00:00
2024-11-02 02:28:14,929 - siigo_journal_processor - INFO - Processing scheduled for 00:00:00 with file example3.xlsx
2024-11-02 02:28:14,936 - siigo_journal_processor - INFO - Task scheduler initialized
2024-11-02 02:28:14,943 - siigo_journal_processor - INFO - Task scheduler initialized
2024-11-02 02:35:56,547 - siigo_journal_processor - INFO - Successfully authenticated user: siigonubejuan@gmail.com
2024-11-02 02:35:57,865 - siigo_journal_processor - INFO - Successfully fetched cost centers
2024-11-02 02:35:58,565 - siigo_journal_processor - INFO - Successfully fetched document types
2024-11-02 02:35:58,567 - siigo_journal_processor - INFO - Successfully fetched catalog data
2024-11-02 02:35:58,567 - siigo_journal_processor - INFO - User siigonubejuan@gmail.com authenticated successfully
2024-11-02 02:35:58,627 - siigo_journal_processor - INFO - Task scheduler initialized
2024-11-02 02:35:58,629 - siigo_journal_processor - INFO - Task scheduler initialized
2024-11-02 02:36:58,955 - siigo_journal_processor - INFO - Task scheduler initialized
2024-11-02 02:36:58,957 - siigo_journal_processor - INFO - Task scheduled successfully for 2024-11-03 00:15:00 with frequency daily
2024-11-02 02:36:58,958 - siigo_journal_processor - INFO - Processing scheduled daily at 00:15:00 with file example3.xlsx
2024-11-02 02:36:58,962 - siigo_journal_processor - INFO - Task scheduler initialized
2024-11-02 02:36:58,964 - siigo_journal_processor - INFO - Task scheduler initialized
